07-Jul-2023 22:15:46.782 INFORMACIÓN [main] org.apache.catalina.startup.VersionLoggerListener.log Nombre de la versión del servidor: Apache Tomcat/9.0.76
07-Jul-2023 22:15:46.796 INFORMACIÓN [main] org.apache.catalina.startup.VersionLoggerListener.log Server built:                      Jun 5 2023 07:17:04 UTC
07-Jul-2023 22:15:46.797 INFORMACIÓN [main] org.apache.catalina.startup.VersionLoggerListener.log Número de versión de servidor:     9.0.76.0
07-Jul-2023 22:15:46.797 INFORMACIÓN [main] org.apache.catalina.startup.VersionLoggerListener.log OS Name:                           Windows 11
07-Jul-2023 22:15:46.798 INFORMACIÓN [main] org.apache.catalina.startup.VersionLoggerListener.log Versión de Systema Operativo:      10.0
07-Jul-2023 22:15:46.799 INFORMACIÓN [main] org.apache.catalina.startup.VersionLoggerListener.log Arquitectura:                      amd64
07-Jul-2023 22:15:46.799 INFORMACIÓN [main] org.apache.catalina.startup.VersionLoggerListener.log Java Home:                         C:\Program Files\Eclipse Adoptium\jdk-17.0.7.7-hotspot
07-Jul-2023 22:15:46.799 INFORMACIÓN [main] org.apache.catalina.startup.VersionLoggerListener.log JVM Version:                       17.0.7+7
07-Jul-2023 22:15:46.800 INFORMACIÓN [main] org.apache.catalina.startup.VersionLoggerListener.log Vededor JVM:                       Eclipse Adoptium
07-Jul-2023 22:15:46.801 INFORMACIÓN [main] org.apache.catalina.startup.VersionLoggerListener.log CATALINA_BASE:                     C:\Users\USUARIO\OneDrive\Escritorio\Crud\apache-tomcat-9.0.76
07-Jul-2023 22:15:46.801 INFORMACIÓN [main] org.apache.catalina.startup.VersionLoggerListener.log CATALINA_HOME:                     C:\Users\USUARIO\OneDrive\Escritorio\Crud\apache-tomcat-9.0.76
07-Jul-2023 22:15:46.906 INFORMACIÓN [main] org.apache.catalina.startup.VersionLoggerListener.log Command line argument:             -Djava.util.logging.config.file=c:\Users\USUARIO\OneDrive\Escritorio\Crud\apache-tomcat-9.0.76/conf/logging.properties
07-Jul-2023 22:15:46.907 INFORMACIÓN [main] org.apache.catalina.startup.VersionLoggerListener.log Command line argument:             -Djava.util.logging.manager=org.apache.juli.ClassLoaderLogManager
07-Jul-2023 22:15:46.907 INFORMACIÓN [main] org.apache.catalina.startup.VersionLoggerListener.log Command line argument:             -Djdk.tls.ephemeralDHKeySize=2048
07-Jul-2023 22:15:46.907 INFORMACIÓN [main] org.apache.catalina.startup.VersionLoggerListener.log Command line argument:             -Djava.protocol.handler.pkgs=org.apache.catalina.webresources
07-Jul-2023 22:15:46.908 INFORMACIÓN [main] org.apache.catalina.startup.VersionLoggerListener.log Command line argument:             -Dorg.apache.catalina.security.SecurityListener.UMASK=0027
07-Jul-2023 22:15:46.908 INFORMACIÓN [main] org.apache.catalina.startup.VersionLoggerListener.log Command line argument:             -Dcatalina.base=c:\Users\USUARIO\OneDrive\Escritorio\Crud\apache-tomcat-9.0.76
07-Jul-2023 22:15:46.908 INFORMACIÓN [main] org.apache.catalina.startup.VersionLoggerListener.log Command line argument:             -Dcatalina.home=c:\Users\USUARIO\OneDrive\Escritorio\Crud\apache-tomcat-9.0.76
07-Jul-2023 22:15:46.908 INFORMACIÓN [main] org.apache.catalina.startup.VersionLoggerListener.log Command line argument:             -Djava.io.tmpdir=c:\Users\USUARIO\OneDrive\Escritorio\Crud\apache-tomcat-9.0.76/temp
07-Jul-2023 22:15:46.978 INFORMACIÓN [main] org.apache.catalina.core.AprLifecycleListener.lifecycleEvent La biblioteca nativa de Apache Tomcat basada en ARP que permite un rendimiento óptimo en entornos de desarrollo no ha sido hallada en java.library.path: [C:\Program Files\Eclipse Adoptium\jdk-17.0.7.7-hotspot\bin;C:\WINDOWS\Sun\Java\bin;C:\WINDOWS\system32;C:\WINDOWS;C:\Program Files\Eclipse Adoptium\jdk-17.0.7.7-hotspot\bin;C:\Program Files (x86)\NVIDIA Corporation\PhysX\Common;C:\Program Files\Eclipse Adoptium\jdk-17.0.6.10-hotspot\bin;C:\WINDOWS\system32;C:\WINDOWS;C:\WINDOWS\System32\Wbem;C:\WINDOWS\System32\WindowsPowerShell\v1.0\;C:\WINDOWS\System32\OpenSSH\;C:\Program Files\Git\cmd;C:\Users\USUARIO\OneDrive\Escritorio\Crud\apache-maven-3.9.3\bin;C:\Program Files\MySQL\MySQL Shell 8.0\bin\;C:\Users\USUARIO\AppData\Local\Microsoft\WindowsApps;.]
07-Jul-2023 22:15:49.027 INFORMACIÓN [main] org.apache.coyote.AbstractProtocol.init Inicializando el manejador de protocolo ["http-nio-8080"]

07-Jul-2023 22:15:49.385 INFORMACIÓN [main] org.apache.catalina.startup.Catalina.load Server initialization in [3861] milliseconds
07-Jul-2023 22:15:49.904 INFORMACIÓN [main] org.apache.catalina.core.StandardService.startInternal Arrancando servicio [Catalina]
07-Jul-2023 22:15:49.905 INFORMACIÓN [main] org.apache.catalina.core.StandardEngine.startInternal Starting Servlet engine: [Apache Tomcat/9.0.76]
07-Jul-2023 22:15:50.056 INFORMACIÓN [main] org.apache.catalina.startup.HostConfig.deployWAR Despliegue del archivo [C:\Users\USUARIO\OneDrive\Escritorio\Crud\apache-tomcat-9.0.76\webapps\proyect.war] de la aplicación web
07-Jul-2023 22:15:52.816 ADVERTENCIA [main] org.apache.catalina.util.SessionIdGeneratorBase.createSecureRandom Creation of SecureRandom instance for session ID generation using [SHA1PRNG] took [175] milliseconds.
07-Jul-2023 22:15:52.947 INFORMACIÓN [main] org.apache.catalina.startup.HostConfig.deployWAR Deployment of web application archive [C:\Users\USUARIO\OneDrive\Escritorio\Crud\apache-tomcat-9.0.76\webapps\proyect.war] has finished in [2.892] ms
07-Jul-2023 22:15:52.971 INFORMACIÓN [main] org.apache.catalina.startup.HostConfig.deployDirectory Desplegando el directorio [C:\Users\USUARIO\OneDrive\Escritorio\Crud\apache-tomcat-9.0.76\webapps\docs] de la aplicación web
07-Jul-2023 22:15:53.225 INFORMACIÓN [main] org.apache.catalina.startup.HostConfig.deployDirectory Deployment of web application directory [C:\Users\USUARIO\OneDrive\Escritorio\Crud\apache-tomcat-9.0.76\webapps\docs] has finished in [254] ms
07-Jul-2023 22:15:53.237 INFORMACIÓN [main] org.apache.catalina.startup.HostConfig.deployDirectory Desplegando el directorio [C:\Users\USUARIO\OneDrive\Escritorio\Crud\apache-tomcat-9.0.76\webapps\examples] de la aplicación web
07-Jul-2023 22:15:57.563 INFORMACIÓN [main] org.apache.catalina.startup.HostConfig.deployDirectory Deployment of web application directory [C:\Users\USUARIO\OneDrive\Escritorio\Crud\apache-tomcat-9.0.76\webapps\examples] has finished in [4.325] ms
07-Jul-2023 22:15:57.577 INFORMACIÓN [main] org.apache.catalina.startup.HostConfig.deployDirectory Desplegando el directorio [C:\Users\USUARIO\OneDrive\Escritorio\Crud\apache-tomcat-9.0.76\webapps\host-manager] de la aplicación web
07-Jul-2023 22:15:57.910 INFORMACIÓN [main] org.apache.catalina.startup.HostConfig.deployDirectory Deployment of web application directory [C:\Users\USUARIO\OneDrive\Escritorio\Crud\apache-tomcat-9.0.76\webapps\host-manager] has finished in [333] ms
07-Jul-2023 22:15:57.925 INFORMACIÓN [main] org.apache.catalina.startup.HostConfig.deployDirectory Desplegando el directorio [C:\Users\USUARIO\OneDrive\Escritorio\Crud\apache-tomcat-9.0.76\webapps\manager] de la aplicación web
07-Jul-2023 22:15:58.386 INFORMACIÓN [main] org.apache.catalina.startup.HostConfig.deployDirectory Deployment of web application directory [C:\Users\USUARIO\OneDrive\Escritorio\Crud\apache-tomcat-9.0.76\webapps\manager] has finished in [458] ms
07-Jul-2023 22:15:58.399 INFORMACIÓN [main] org.apache.catalina.startup.HostConfig.deployDirectory Desplegando el directorio [C:\Users\USUARIO\OneDrive\Escritorio\Crud\apache-tomcat-9.0.76\webapps\ROOT] de la aplicación web
07-Jul-2023 22:15:58.621 INFORMACIÓN [main] org.apache.catalina.startup.HostConfig.deployDirectory Deployment of web application directory [C:\Users\USUARIO\OneDrive\Escritorio\Crud\apache-tomcat-9.0.76\webapps\ROOT] has finished in [221] ms
07-Jul-2023 22:15:58.647 INFORMACIÓN [main] org.apache.coyote.AbstractProtocol.start Starting ProtocolHandler ["http-nio-8080"]
07-Jul-2023 22:15:59.186 INFORMACIÓN [main] org.apache.catalina.startup.Catalina.start Server startup in [9799] milliseconds
07-Jul-2023 22:31:43.782 INFORMACIÓN [Catalina-utility-2] org.apache.catalina.startup.HostConfig.undeploy Repliegue (undeploy) de la aplicación web que tiene como trayectoria de contexto [/proyect]
07-Jul-2023 22:31:46.490 ADVERTENCIA [Catalina-utility-2] org.apache.catalina.loader.WebappClassLoaderBase.clearReferencesObjectStreamClassCaches When running on Java 9 or later you need to add "--add-opens=java.base/java.io=ALL-UNNAMED" to the JVM command line arguments to enable ObjectStream cache memory leak protection. Alternatively, you can suppress this warning by disabling ObjectStream class cache memory leak protection.
07-Jul-2023 22:31:46.499 ADVERTENCIA [Catalina-utility-2] org.apache.catalina.loader.WebappClassLoaderBase.checkThreadLocalsForLeaks When running on Java 9 or later you need to add "--add-opens=java.base/java.lang=ALL-UNNAMED" to the JVM command line arguments to enable ThreadLocal memory leak detection. Alternatively, you can suppress this warning by disabling ThreadLocal memory leak detection.
07-Jul-2023 22:31:46.632 ADVERTENCIA [Catalina-utility-2] org.apache.catalina.loader.WebappClassLoaderBase.clearReferencesRmiTargets When running on Java 9 or later you need to add "--add-opens=java.rmi/sun.rmi.transport=ALL-UNNAMED" to the JVM command line arguments to enable RMI Target memory leak detection. Alternatively, you can suppress this warning by disabling RMI Target memory leak detection.
07-Jul-2023 22:31:46.946 INFORMACIÓN [Catalina-utility-2] org.apache.catalina.startup.HostConfig.deployWAR Despliegue del archivo [C:\Users\USUARIO\OneDrive\Escritorio\Crud\apache-tomcat-9.0.76\webapps\proyect.war] de la aplicación web
07-Jul-2023 22:31:47.994 INFORMACIÓN [Catalina-utility-2] org.apache.catalina.startup.HostConfig.deployWAR Deployment of web application archive [C:\Users\USUARIO\OneDrive\Escritorio\Crud\apache-tomcat-9.0.76\webapps\proyect.war] has finished in [1.024] ms
07-Jul-2023 22:34:29.679 INFORMACIÓN [Catalina-utility-1] org.apache.catalina.startup.HostConfig.undeploy Repliegue (undeploy) de la aplicación web que tiene como trayectoria de contexto [/proyect]
07-Jul-2023 22:34:29.822 ADVERTENCIA [Catalina-utility-1] org.apache.catalina.loader.WebappClassLoaderBase.clearReferencesObjectStreamClassCaches When running on Java 9 or later you need to add "--add-opens=java.base/java.io=ALL-UNNAMED" to the JVM command line arguments to enable ObjectStream cache memory leak protection. Alternatively, you can suppress this warning by disabling ObjectStream class cache memory leak protection.
07-Jul-2023 22:34:29.831 ADVERTENCIA [Catalina-utility-1] org.apache.catalina.loader.WebappClassLoaderBase.checkThreadLocalsForLeaks When running on Java 9 or later you need to add "--add-opens=java.base/java.lang=ALL-UNNAMED" to the JVM command line arguments to enable ThreadLocal memory leak detection. Alternatively, you can suppress this warning by disabling ThreadLocal memory leak detection.
07-Jul-2023 22:34:30.131 ADVERTENCIA [Catalina-utility-1] org.apache.catalina.loader.WebappClassLoaderBase.clearReferencesRmiTargets When running on Java 9 or later you need to add "--add-opens=java.rmi/sun.rmi.transport=ALL-UNNAMED" to the JVM command line arguments to enable RMI Target memory leak detection. Alternatively, you can suppress this warning by disabling RMI Target memory leak detection.
07-Jul-2023 22:34:30.806 INFORMACIÓN [Catalina-utility-1] org.apache.catalina.startup.HostConfig.deployWAR Despliegue del archivo [C:\Users\USUARIO\OneDrive\Escritorio\Crud\apache-tomcat-9.0.76\webapps\proyect.war] de la aplicación web
07-Jul-2023 22:34:32.008 INFORMACIÓN [Catalina-utility-1] org.apache.catalina.startup.HostConfig.deployWAR Deployment of web application archive [C:\Users\USUARIO\OneDrive\Escritorio\Crud\apache-tomcat-9.0.76\webapps\proyect.war] has finished in [1.201] ms
07-Jul-2023 23:39:05.647 INFORMACIÓN [Catalina-utility-2] org.apache.catalina.startup.HostConfig.undeploy Repliegue (undeploy) de la aplicación web que tiene como trayectoria de contexto [/proyect]
07-Jul-2023 23:39:07.182 ADVERTENCIA [Catalina-utility-2] org.apache.catalina.loader.WebappClassLoaderBase.clearReferencesObjectStreamClassCaches When running on Java 9 or later you need to add "--add-opens=java.base/java.io=ALL-UNNAMED" to the JVM command line arguments to enable ObjectStream cache memory leak protection. Alternatively, you can suppress this warning by disabling ObjectStream class cache memory leak protection.
07-Jul-2023 23:39:07.201 ADVERTENCIA [Catalina-utility-2] org.apache.catalina.loader.WebappClassLoaderBase.checkThreadLocalsForLeaks When running on Java 9 or later you need to add "--add-opens=java.base/java.lang=ALL-UNNAMED" to the JVM command line arguments to enable ThreadLocal memory leak detection. Alternatively, you can suppress this warning by disabling ThreadLocal memory leak detection.
07-Jul-2023 23:39:07.228 ADVERTENCIA [Catalina-utility-2] org.apache.catalina.loader.WebappClassLoaderBase.clearReferencesRmiTargets When running on Java 9 or later you need to add "--add-opens=java.rmi/sun.rmi.transport=ALL-UNNAMED" to the JVM command line arguments to enable RMI Target memory leak detection. Alternatively, you can suppress this warning by disabling RMI Target memory leak detection.
07-Jul-2023 23:39:07.884 INFORMACIÓN [Catalina-utility-2] org.apache.catalina.startup.HostConfig.deployWAR Despliegue del archivo [C:\Users\USUARIO\OneDrive\Escritorio\Crud\apache-tomcat-9.0.76\webapps\proyect.war] de la aplicación web
07-Jul-2023 23:39:10.749 ADVERTENCIA [Catalina-utility-2] org.apache.catalina.util.SessionIdGeneratorBase.createSecureRandom Creation of SecureRandom instance for session ID generation using [SHA1PRNG] took [128] milliseconds.
07-Jul-2023 23:39:10.804 INFORMACIÓN [Catalina-utility-2] org.apache.catalina.startup.HostConfig.deployWAR Deployment of web application archive [C:\Users\USUARIO\OneDrive\Escritorio\Crud\apache-tomcat-9.0.76\webapps\proyect.war] has finished in [2.919] ms
07-Jul-2023 23:57:57.439 INFORMACIÓN [Catalina-utility-2] org.apache.catalina.startup.HostConfig.undeploy Repliegue (undeploy) de la aplicación web que tiene como trayectoria de contexto [/proyect]
07-Jul-2023 23:57:58.725 ADVERTENCIA [Catalina-utility-2] org.apache.catalina.loader.WebappClassLoaderBase.clearReferencesObjectStreamClassCaches When running on Java 9 or later you need to add "--add-opens=java.base/java.io=ALL-UNNAMED" to the JVM command line arguments to enable ObjectStream cache memory leak protection. Alternatively, you can suppress this warning by disabling ObjectStream class cache memory leak protection.
07-Jul-2023 23:57:58.772 ADVERTENCIA [Catalina-utility-2] org.apache.catalina.loader.WebappClassLoaderBase.checkThreadLocalsForLeaks When running on Java 9 or later you need to add "--add-opens=java.base/java.lang=ALL-UNNAMED" to the JVM command line arguments to enable ThreadLocal memory leak detection. Alternatively, you can suppress this warning by disabling ThreadLocal memory leak detection.
07-Jul-2023 23:57:58.775 ADVERTENCIA [Catalina-utility-2] org.apache.catalina.loader.WebappClassLoaderBase.clearReferencesRmiTargets When running on Java 9 or later you need to add "--add-opens=java.rmi/sun.rmi.transport=ALL-UNNAMED" to the JVM command line arguments to enable RMI Target memory leak detection. Alternatively, you can suppress this warning by disabling RMI Target memory leak detection.
07-Jul-2023 23:57:59.365 INFORMACIÓN [Catalina-utility-2] org.apache.catalina.startup.HostConfig.deployWAR Despliegue del archivo [C:\Users\USUARIO\OneDrive\Escritorio\Crud\apache-tomcat-9.0.76\webapps\proyect.war] de la aplicación web
07-Jul-2023 23:58:01.159 INFORMACIÓN [Catalina-utility-2] org.apache.catalina.startup.HostConfig.deployWAR Deployment of web application archive [C:\Users\USUARIO\OneDrive\Escritorio\Crud\apache-tomcat-9.0.76\webapps\proyect.war] has finished in [1.831] ms
